<?xml version="1.0" encoding="UTF-8"?>
<testng-results skipped="1" failed="1" ignored="0" total="5" passed="3">
  <reporter-output>
  </reporter-output>
  <suite name="CorePortal" duration-ms="11796" started-at="2021-11-05T13:06:32Z" finished-at="2021-11-05T13:06:44Z">
    <groups>
    </groups>
    <test name="Login Test" duration-ms="11025" started-at="2021-11-05T13:06:32Z" finished-at="2021-11-05T13:06:43Z">
      <class name="org.freecrm.login.LoginTest">
        <test-method status="PASS" signature="preProcessor(org.testng.ITestContext)[pri:0, instance:org.freecrm.login.LoginTest@6a2bcfcb]" name="preProcessor" is-config="true" duration-ms="41" started-at="2021-11-05T13:06:32Z" finished-at="2021-11-05T13:06:32Z">
          <params>
            <param index="0">
              <value>
                <![CDATA[org.testng.TestRunner@41bf79da]]>
              </value>
            </param>
          </params>
          <reporter-output>
          </reporter-output>
        </test-method> <!-- preProcessor -->
        <test-method status="PASS" signature="initializeResources()[pri:0, instance:org.freecrm.login.LoginTest@6a2bcfcb]" name="initializeResources" is-config="true" duration-ms="94" started-at="2021-11-05T13:06:32Z" finished-at="2021-11-05T13:06:32Z">
          <reporter-output>
          </reporter-output>
        </test-method> <!-- initializeResources -->
        <test-method status="FAIL" signature="doUserReg()[pri:0, instance:org.freecrm.login.LoginTest@6a2bcfcb]" name="doUserReg" duration-ms="74" started-at="2021-11-05T13:06:32Z" finished-at="2021-11-05T13:06:32Z">
          <exception class="java.lang.AssertionError">
            <message>
              <![CDATA[User Reg failed]]>
            </message>
            <full-stacktrace>
              <![CDATA[java.lang.AssertionError: User Reg failed
at org.testng.Assert.fail(Assert.java:96)
at org.freecrm.login.LoginTest.doUserReg(LoginTest.java:73)
at sun.reflect.NativeMethodAccessorImpl.invoke0(Native Method)
at sun.reflect.NativeMethodAccessorImpl.invoke(NativeMethodAccessorImpl.java:62)
at sun.reflect.DelegatingMethodAccessorImpl.invoke(DelegatingMethodAccessorImpl.java:43)
at java.lang.reflect.Method.invoke(Method.java:498)
at org.testng.internal.MethodInvocationHelper.invokeMethod(MethodInvocationHelper.java:124)
at org.testng.internal.Invoker.invokeMethod(Invoker.java:583)
at org.testng.internal.Invoker.invokeTestMethod(Invoker.java:719)
at org.testng.internal.Invoker.invokeTestMethods(Invoker.java:989)
at org.testng.internal.TestMethodWorker.invokeTestMethods(TestMethodWorker.java:125)
at org.testng.internal.TestMethodWorker.run(TestMethodWorker.java:109)
at org.testng.TestRunner.privateRun(TestRunner.java:648)
at org.testng.TestRunner.run(TestRunner.java:505)
at org.testng.SuiteRunner.runTest(SuiteRunner.java:455)
at org.testng.SuiteRunner.runSequentially(SuiteRunner.java:450)
at org.testng.SuiteRunner.privateRun(SuiteRunner.java:415)
at org.testng.SuiteRunner.run(SuiteRunner.java:364)
at org.testng.SuiteRunnerWorker.runSuite(SuiteRunnerWorker.java:52)
at org.testng.SuiteRunnerWorker.run(SuiteRunnerWorker.java:84)
at org.testng.TestNG.runSuitesSequentially(TestNG.java:1208)
at org.testng.TestNG.runSuitesLocally(TestNG.java:1137)
at org.testng.TestNG.runSuites(TestNG.java:1049)
at org.testng.TestNG.run(TestNG.java:1017)
at org.apache.maven.surefire.testng.TestNGExecutor.run(TestNGExecutor.java:178)
at org.apache.maven.surefire.testng.TestNGXmlTestSuite.execute(TestNGXmlTestSuite.java:92)
at org.apache.maven.surefire.testng.TestNGProvider.invoke(TestNGProvider.java:96)
at sun.reflect.NativeMethodAccessorImpl.invoke0(Native Method)
at sun.reflect.NativeMethodAccessorImpl.invoke(NativeMethodAccessorImpl.java:62)
at sun.reflect.DelegatingMethodAccessorImpl.invoke(DelegatingMethodAccessorImpl.java:43)
at java.lang.reflect.Method.invoke(Method.java:498)
at org.apache.maven.surefire.util.ReflectionUtils.invokeMethodWithArray(ReflectionUtils.java:189)
at org.apache.maven.surefire.booter.ProviderFactory$ProviderProxy.invoke(ProviderFactory.java:165)
at org.apache.maven.surefire.booter.ProviderFactory.invokeProvider(ProviderFactory.java:85)
at org.apache.maven.surefire.booter.ForkedBooter.runSuitesInProcess(ForkedBooter.java:115)
at org.apache.maven.surefire.booter.ForkedBooter.main(ForkedBooter.java:75)
]]>
            </full-stacktrace>
          </exception> <!-- java.lang.AssertionError -->
          <reporter-output>
          </reporter-output>
        </test-method> <!-- doUserReg -->
        <test-method status="SKIP" signature="isSkipped()[pri:0, instance:org.freecrm.login.LoginTest@6a2bcfcb]" name="isSkipped" duration-ms="1" started-at="2021-11-05T13:06:33Z" finished-at="2021-11-05T13:06:33Z">
          <exception class="org.testng.SkipException">
            <message>
              <![CDATA[Skipping the test]]>
            </message>
            <full-stacktrace>
              <![CDATA[org.testng.SkipException: Skipping the test
at org.freecrm.login.LoginTest.isSkipped(LoginTest.java:78)
at sun.reflect.NativeMethodAccessorImpl.invoke0(Native Method)
at sun.reflect.NativeMethodAccessorImpl.invoke(NativeMethodAccessorImpl.java:62)
at sun.reflect.DelegatingMethodAccessorImpl.invoke(DelegatingMethodAccessorImpl.java:43)
at java.lang.reflect.Method.invoke(Method.java:498)
at org.testng.internal.MethodInvocationHelper.invokeMethod(MethodInvocationHelper.java:124)
at org.testng.internal.Invoker.invokeMethod(Invoker.java:583)
at org.testng.internal.Invoker.invokeTestMethod(Invoker.java:719)
at org.testng.internal.Invoker.invokeTestMethods(Invoker.java:989)
at org.testng.internal.TestMethodWorker.invokeTestMethods(TestMethodWorker.java:125)
at org.testng.internal.TestMethodWorker.run(TestMethodWorker.java:109)
at org.testng.TestRunner.privateRun(TestRunner.java:648)
at org.testng.TestRunner.run(TestRunner.java:505)
at org.testng.SuiteRunner.runTest(SuiteRunner.java:455)
at org.testng.SuiteRunner.runSequentially(SuiteRunner.java:450)
at org.testng.SuiteRunner.privateRun(SuiteRunner.java:415)
at org.testng.SuiteRunner.run(SuiteRunner.java:364)
at org.testng.SuiteRunnerWorker.runSuite(SuiteRunnerWorker.java:52)
at org.testng.SuiteRunnerWorker.run(SuiteRunnerWorker.java:84)
at org.testng.TestNG.runSuitesSequentially(TestNG.java:1208)
at org.testng.TestNG.runSuitesLocally(TestNG.java:1137)
at org.testng.TestNG.runSuites(TestNG.java:1049)
at org.testng.TestNG.run(TestNG.java:1017)
at org.apache.maven.surefire.testng.TestNGExecutor.run(TestNGExecutor.java:178)
at org.apache.maven.surefire.testng.TestNGXmlTestSuite.execute(TestNGXmlTestSuite.java:92)
at org.apache.maven.surefire.testng.TestNGProvider.invoke(TestNGProvider.java:96)
at sun.reflect.NativeMethodAccessorImpl.invoke0(Native Method)
at sun.reflect.NativeMethodAccessorImpl.invoke(NativeMethodAccessorImpl.java:62)
at sun.reflect.DelegatingMethodAccessorImpl.invoke(DelegatingMethodAccessorImpl.java:43)
at java.lang.reflect.Method.invoke(Method.java:498)
at org.apache.maven.surefire.util.ReflectionUtils.invokeMethodWithArray(ReflectionUtils.java:189)
at org.apache.maven.surefire.booter.ProviderFactory$ProviderProxy.invoke(ProviderFactory.java:165)
at org.apache.maven.surefire.booter.ProviderFactory.invokeProvider(ProviderFactory.java:85)
at org.apache.maven.surefire.booter.ForkedBooter.runSuitesInProcess(ForkedBooter.java:115)
at org.apache.maven.surefire.booter.ForkedBooter.main(ForkedBooter.java:75)
]]>
            </full-stacktrace>
          </exception> <!-- org.testng.SkipException -->
          <reporter-output>
          </reporter-output>
        </test-method> <!-- isSkipped -->
        <test-method status="PASS" signature="verifyPresenceOfElements()[pri:0, instance:org.freecrm.login.LoginTest@6a2bcfcb]" name="verifyPresenceOfElements" duration-ms="3" started-at="2021-11-05T13:06:33Z" finished-at="2021-11-05T13:06:33Z">
          <reporter-output>
          </reporter-output>
        </test-method> <!-- verifyPresenceOfElements -->
        <test-method status="PASS" signature="testLogin(java.lang.String, java.lang.String)[pri:1, instance:org.freecrm.login.LoginTest@6a2bcfcb]" name="testLogin" duration-ms="8379" started-at="2021-11-05T13:06:34Z" data-provider="CredentailsTestData12" finished-at="2021-11-05T13:06:43Z">
          <params>
            <param index="0">
              <value>
                <![CDATA[agoyal]]>
              </value>
            </param>
            <param index="1">
              <value>
                <![CDATA[Test@123]]>
              </value>
            </param>
          </params>
          <reporter-output>
          </reporter-output>
        </test-method> <!-- testLogin -->
        <test-method status="PASS" signature="postProcessor()[pri:0, instance:org.freecrm.login.LoginTest@6a2bcfcb]" name="postProcessor" is-config="true" duration-ms="1" started-at="2021-11-05T13:06:43Z" finished-at="2021-11-05T13:06:43Z">
          <reporter-output>
          </reporter-output>
        </test-method> <!-- postProcessor -->
      </class> <!-- org.freecrm.login.LoginTest -->
    </test> <!-- Login Test -->
    <test name="Logout Test" duration-ms="716" started-at="2021-11-05T13:06:43Z" finished-at="2021-11-05T13:06:44Z">
      <class name="org.freecrm.logout.LogoutTest">
        <test-method status="PASS" signature="preProcessor(org.testng.ITestContext)[pri:0, instance:org.freecrm.logout.LogoutTest@4520ebad]" name="preProcessor" is-config="true" duration-ms="1" started-at="2021-11-05T13:06:43Z" finished-at="2021-11-05T13:06:43Z">
          <params>
            <param index="0">
              <value>
                <![CDATA[org.testng.TestRunner@1a891add]]>
              </value>
            </param>
          </params>
          <reporter-output>
          </reporter-output>
        </test-method> <!-- preProcessor -->
        <test-method status="PASS" signature="initializeResources()[pri:0, instance:org.freecrm.logout.LogoutTest@4520ebad]" name="initializeResources" is-config="true" duration-ms="14" started-at="2021-11-05T13:06:43Z" finished-at="2021-11-05T13:06:43Z">
          <reporter-output>
          </reporter-output>
        </test-method> <!-- initializeResources -->
        <test-method status="PASS" signature="performLogout()[pri:0, instance:org.freecrm.logout.LogoutTest@4520ebad]" name="performLogout" duration-ms="699" started-at="2021-11-05T13:06:43Z" finished-at="2021-11-05T13:06:44Z">
          <reporter-output>
          </reporter-output>
        </test-method> <!-- performLogout -->
        <test-method status="PASS" signature="postProcessor()[pri:0, instance:org.freecrm.logout.LogoutTest@4520ebad]" name="postProcessor" is-config="true" duration-ms="0" started-at="2021-11-05T13:06:44Z" finished-at="2021-11-05T13:06:44Z">
          <reporter-output>
          </reporter-output>
        </test-method> <!-- postProcessor -->
      </class> <!-- org.freecrm.logout.LogoutTest -->
    </test> <!-- Logout Test -->
  </suite> <!-- CorePortal -->
</testng-results>
