<?xml version="1.0" encoding="UTF-8"?>
<testng-results skipped="1" failed="1" total="5" passed="3">
  <reporter-output>
  </reporter-output>
  <suite name="CorePortal" duration-ms="12347" started-at="2021-11-05T13:07:09Z" finished-at="2021-11-05T13:07:21Z">
    <groups>
    </groups>
    <test name="Login Test" duration-ms="11248" started-at="2021-11-05T13:07:09Z" finished-at="2021-11-05T13:07:20Z">
      <class name="org.freecrm.login.LoginTest">
        <test-method status="PASS" signature="preProcessor(org.testng.ITestContext)[pri:0, instance:org.freecrm.login.LoginTest@271053e1]" name="preProcessor" is-config="true" duration-ms="18" started-at="2021-11-05T18:37:09Z" finished-at="2021-11-05T18:37:09Z">
          <params>
            <param index="0">
              <value>
                <![CDATA[org.testng.TestRunner@4b2e3e8f]]>
              </value>
            </param>
          </params>
          <reporter-output>
          </reporter-output>
        </test-method> <!-- preProcessor -->
        <test-method status="PASS" signature="initializeResources()[pri:0, instance:org.freecrm.login.LoginTest@271053e1]" name="initializeResources" is-config="true" duration-ms="48" started-at="2021-11-05T18:37:09Z" finished-at="2021-11-05T18:37:09Z">
          <reporter-output>
          </reporter-output>
        </test-method> <!-- initializeResources -->
        <test-method status="FAIL" signature="doUserReg()[pri:0, instance:org.freecrm.login.LoginTest@271053e1]" name="doUserReg" duration-ms="44" started-at="2021-11-05T18:37:09Z" finished-at="2021-11-05T18:37:09Z">
          <exception class="java.lang.AssertionError">
            <message>
              <![CDATA[User Reg failed]]>
            </message>
            <full-stacktrace>
              <![CDATA[java.lang.AssertionError: User Reg failed
	at org.testng.Assert.fail(Assert.java:94)
	at org.freecrm.login.LoginTest.doUserReg(LoginTest.java:73)
	at sun.reflect.NativeMethodAccessorImpl.invoke0(Native Method)
	at sun.reflect.NativeMethodAccessorImpl.invoke(NativeMethodAccessorImpl.java:62)
	at sun.reflect.DelegatingMethodAccessorImpl.invoke(DelegatingMethodAccessorImpl.java:43)
	at java.lang.reflect.Method.invoke(Method.java:498)
	at org.testng.internal.MethodInvocationHelper.invokeMethod(MethodInvocationHelper.java:86)
	at org.testng.internal.Invoker.invokeMethod(Invoker.java:646)
	at org.testng.internal.Invoker.invokeTestMethod(Invoker.java:823)
	at org.testng.internal.Invoker.invokeTestMethods(Invoker.java:1131)
	at org.testng.internal.TestMethodWorker.invokeTestMethods(TestMethodWorker.java:129)
	at org.testng.internal.TestMethodWorker.run(TestMethodWorker.java:112)
	at org.testng.TestRunner.privateRun(TestRunner.java:778)
	at org.testng.TestRunner.run(TestRunner.java:632)
	at org.testng.SuiteRunner.runTest(SuiteRunner.java:366)
	at org.testng.SuiteRunner.runSequentially(SuiteRunner.java:361)
	at org.testng.SuiteRunner.privateRun(SuiteRunner.java:319)
	at org.testng.SuiteRunner.run(SuiteRunner.java:268)
	at org.testng.SuiteRunnerWorker.runSuite(SuiteRunnerWorker.java:52)
	at org.testng.SuiteRunnerWorker.run(SuiteRunnerWorker.java:86)
	at org.testng.TestNG.runSuitesSequentially(TestNG.java:1225)
	at org.testng.TestNG.runSuitesLocally(TestNG.java:1150)
	at org.testng.TestNG.runSuites(TestNG.java:1075)
	at org.testng.TestNG.run(TestNG.java:1047)
	at org.testng.remote.AbstractRemoteTestNG.run(AbstractRemoteTestNG.java:126)
	at org.testng.remote.RemoteTestNG.initAndRun(RemoteTestNG.java:137)
	at org.testng.remote.RemoteTestNG.main(RemoteTestNG.java:58)
]]>
            </full-stacktrace>
          </exception> <!-- java.lang.AssertionError -->
          <reporter-output>
          </reporter-output>
        </test-method> <!-- doUserReg -->
        <test-method status="SKIP" signature="isSkipped()[pri:0, instance:org.freecrm.login.LoginTest@271053e1]" name="isSkipped" duration-ms="4" started-at="2021-11-05T18:37:10Z" finished-at="2021-11-05T18:37:10Z">
          <exception class="org.testng.SkipException">
            <message>
              <![CDATA[Skipping the test]]>
            </message>
            <full-stacktrace>
              <![CDATA[org.testng.SkipException: Skipping the test
	at org.freecrm.login.LoginTest.isSkipped(LoginTest.java:78)
	at sun.reflect.NativeMethodAccessorImpl.invoke0(Native Method)
	at sun.reflect.NativeMethodAccessorImpl.invoke(NativeMethodAccessorImpl.java:62)
	at sun.reflect.DelegatingMethodAccessorImpl.invoke(DelegatingMethodAccessorImpl.java:43)
	at java.lang.reflect.Method.invoke(Method.java:498)
	at org.testng.internal.MethodInvocationHelper.invokeMethod(MethodInvocationHelper.java:86)
	at org.testng.internal.Invoker.invokeMethod(Invoker.java:646)
	at org.testng.internal.Invoker.invokeTestMethod(Invoker.java:823)
	at org.testng.internal.Invoker.invokeTestMethods(Invoker.java:1131)
	at org.testng.internal.TestMethodWorker.invokeTestMethods(TestMethodWorker.java:129)
	at org.testng.internal.TestMethodWorker.run(TestMethodWorker.java:112)
	at org.testng.TestRunner.privateRun(TestRunner.java:778)
	at org.testng.TestRunner.run(TestRunner.java:632)
	at org.testng.SuiteRunner.runTest(SuiteRunner.java:366)
	at org.testng.SuiteRunner.runSequentially(SuiteRunner.java:361)
	at org.testng.SuiteRunner.privateRun(SuiteRunner.java:319)
	at org.testng.SuiteRunner.run(SuiteRunner.java:268)
	at org.testng.SuiteRunnerWorker.runSuite(SuiteRunnerWorker.java:52)
	at org.testng.SuiteRunnerWorker.run(SuiteRunnerWorker.java:86)
	at org.testng.TestNG.runSuitesSequentially(TestNG.java:1225)
	at org.testng.TestNG.runSuitesLocally(TestNG.java:1150)
	at org.testng.TestNG.runSuites(TestNG.java:1075)
	at org.testng.TestNG.run(TestNG.java:1047)
	at org.testng.remote.AbstractRemoteTestNG.run(AbstractRemoteTestNG.java:126)
	at org.testng.remote.RemoteTestNG.initAndRun(RemoteTestNG.java:137)
	at org.testng.remote.RemoteTestNG.main(RemoteTestNG.java:58)
]]>
            </full-stacktrace>
          </exception> <!-- org.testng.SkipException -->
          <reporter-output>
          </reporter-output>
        </test-method> <!-- isSkipped -->
        <test-method status="PASS" signature="verifyPresenceOfElements()[pri:0, instance:org.freecrm.login.LoginTest@271053e1]" name="verifyPresenceOfElements" duration-ms="4" started-at="2021-11-05T18:37:10Z" finished-at="2021-11-05T18:37:10Z">
          <reporter-output>
          </reporter-output>
        </test-method> <!-- verifyPresenceOfElements -->
        <test-method status="PASS" signature="testLogin(java.lang.String, java.lang.String)[pri:1, instance:org.freecrm.login.LoginTest@271053e1]" name="testLogin" duration-ms="8619" started-at="2021-11-05T18:37:11Z" data-provider="CredentailsTestData12" finished-at="2021-11-05T18:37:20Z">
          <params>
            <param index="0">
              <value>
                <![CDATA[agoyal]]>
              </value>
            </param>
            <param index="1">
              <value>
                <![CDATA[Test@123]]>
              </value>
            </param>
          </params>
          <reporter-output>
          </reporter-output>
        </test-method> <!-- testLogin -->
        <test-method status="PASS" signature="postProcessor()[pri:0, instance:org.freecrm.login.LoginTest@271053e1]" name="postProcessor" is-config="true" duration-ms="3" started-at="2021-11-05T18:37:20Z" finished-at="2021-11-05T18:37:20Z">
          <reporter-output>
          </reporter-output>
        </test-method> <!-- postProcessor -->
      </class> <!-- org.freecrm.login.LoginTest -->
    </test> <!-- Login Test -->
    <test name="Logout Test" duration-ms="1060" started-at="2021-11-05T13:07:20Z" finished-at="2021-11-05T13:07:21Z">
      <class name="org.freecrm.logout.LogoutTest">
        <test-method status="PASS" signature="preProcessor(org.testng.ITestContext)[pri:0, instance:org.freecrm.logout.LogoutTest@cb644e]" name="preProcessor" is-config="true" duration-ms="3" started-at="2021-11-05T18:37:20Z" finished-at="2021-11-05T18:37:20Z">
          <params>
            <param index="0">
              <value>
                <![CDATA[org.testng.TestRunner@4bbb49b0]]>
              </value>
            </param>
          </params>
          <reporter-output>
          </reporter-output>
        </test-method> <!-- preProcessor -->
        <test-method status="PASS" signature="initializeResources()[pri:0, instance:org.freecrm.logout.LogoutTest@cb644e]" name="initializeResources" is-config="true" duration-ms="12" started-at="2021-11-05T18:37:20Z" finished-at="2021-11-05T18:37:20Z">
          <reporter-output>
          </reporter-output>
        </test-method> <!-- initializeResources -->
        <test-method status="PASS" signature="performLogout()[pri:0, instance:org.freecrm.logout.LogoutTest@cb644e]" name="performLogout" duration-ms="1024" started-at="2021-11-05T18:37:20Z" finished-at="2021-11-05T18:37:21Z">
          <reporter-output>
          </reporter-output>
        </test-method> <!-- performLogout -->
        <test-method status="PASS" signature="postProcessor()[pri:0, instance:org.freecrm.logout.LogoutTest@cb644e]" name="postProcessor" is-config="true" duration-ms="4" started-at="2021-11-05T18:37:21Z" finished-at="2021-11-05T18:37:21Z">
          <reporter-output>
          </reporter-output>
        </test-method> <!-- postProcessor -->
      </class> <!-- org.freecrm.logout.LogoutTest -->
    </test> <!-- Logout Test -->
  </suite> <!-- CorePortal -->
</testng-results>
